{"/Users/dhruvbabani05gmail.com/Downloads/Projetos /Desafios de Estagio/DesafioDB/src/recintos-zoo.js": {"path":"/Users/dhruvbabani05gmail.com/Downloads/Projetos /Desafios de Estagio/DesafioDB/src/recintos-zoo.js","all":false,"statementMap":{"0":{"start":{"line":1,"column":0},"end":{"line":1,"column":19}},"1":{"start":{"line":2,"column":0},"end":{"line":2,"column":45}},"2":{"start":{"line":3,"column":0},"end":{"line":3,"column":42}},"3":{"start":{"line":4,"column":0},"end":{"line":4,"column":87}},"4":{"start":{"line":5,"column":0},"end":{"line":5,"column":0}},"5":{"start":{"line":6,"column":0},"end":{"line":6,"column":32}},"6":{"start":{"line":7,"column":0},"end":{"line":7,"column":47}},"7":{"start":{"line":8,"column":0},"end":{"line":8,"column":9}},"8":{"start":{"line":9,"column":0},"end":{"line":9,"column":0}},"9":{"start":{"line":10,"column":0},"end":{"line":10,"column":30}},"10":{"start":{"line":11,"column":0},"end":{"line":11,"column":51}},"11":{"start":{"line":12,"column":0},"end":{"line":12,"column":9}},"12":{"start":{"line":13,"column":0},"end":{"line":13,"column":0}},"13":{"start":{"line":14,"column":0},"end":{"line":14,"column":85}},"14":{"start":{"line":15,"column":0},"end":{"line":15,"column":47}},"15":{"start":{"line":16,"column":0},"end":{"line":16,"column":53}},"16":{"start":{"line":17,"column":0},"end":{"line":17,"column":9}},"17":{"start":{"line":18,"column":0},"end":{"line":18,"column":0}},"18":{"start":{"line":19,"column":0},"end":{"line":19,"column":16}},"19":{"start":{"line":20,"column":0},"end":{"line":20,"column":65}},"20":{"start":{"line":21,"column":0},"end":{"line":21,"column":97}},"21":{"start":{"line":22,"column":0},"end":{"line":22,"column":80}},"22":{"start":{"line":23,"column":0},"end":{"line":23,"column":76}},"23":{"start":{"line":24,"column":0},"end":{"line":24,"column":117}},"24":{"start":{"line":25,"column":0},"end":{"line":25,"column":14}},"25":{"start":{"line":26,"column":0},"end":{"line":26,"column":10}},"26":{"start":{"line":27,"column":0},"end":{"line":27,"column":5}},"27":{"start":{"line":28,"column":0},"end":{"line":28,"column":0}},"28":{"start":{"line":29,"column":0},"end":{"line":29,"column":39}},"29":{"start":{"line":30,"column":0},"end":{"line":30,"column":44}},"30":{"start":{"line":31,"column":0},"end":{"line":31,"column":37}},"31":{"start":{"line":32,"column":0},"end":{"line":32,"column":0}},"32":{"start":{"line":33,"column":0},"end":{"line":33,"column":41}},"33":{"start":{"line":34,"column":0},"end":{"line":34,"column":45}},"34":{"start":{"line":35,"column":0},"end":{"line":35,"column":0}},"35":{"start":{"line":36,"column":0},"end":{"line":36,"column":47}},"36":{"start":{"line":37,"column":0},"end":{"line":37,"column":46}},"37":{"start":{"line":38,"column":0},"end":{"line":38,"column":13}},"38":{"start":{"line":39,"column":0},"end":{"line":39,"column":0}},"39":{"start":{"line":40,"column":0},"end":{"line":40,"column":46}},"40":{"start":{"line":41,"column":0},"end":{"line":41,"column":93}},"41":{"start":{"line":42,"column":0},"end":{"line":42,"column":29}},"42":{"start":{"line":43,"column":0},"end":{"line":43,"column":17}},"43":{"start":{"line":44,"column":0},"end":{"line":44,"column":61}},"44":{"start":{"line":45,"column":0},"end":{"line":45,"column":29}},"45":{"start":{"line":46,"column":0},"end":{"line":46,"column":17}},"46":{"start":{"line":47,"column":0},"end":{"line":47,"column":57}},"47":{"start":{"line":48,"column":0},"end":{"line":48,"column":88}},"48":{"start":{"line":49,"column":0},"end":{"line":49,"column":29}},"49":{"start":{"line":50,"column":0},"end":{"line":50,"column":17}},"50":{"start":{"line":51,"column":0},"end":{"line":51,"column":20}},"51":{"start":{"line":52,"column":0},"end":{"line":52,"column":59}},"52":{"start":{"line":53,"column":0},"end":{"line":53,"column":29}},"53":{"start":{"line":54,"column":0},"end":{"line":54,"column":17}},"54":{"start":{"line":55,"column":0},"end":{"line":55,"column":13}},"55":{"start":{"line":56,"column":0},"end":{"line":56,"column":0}},"56":{"start":{"line":57,"column":0},"end":{"line":57,"column":88}},"57":{"start":{"line":58,"column":0},"end":{"line":58,"column":95}},"58":{"start":{"line":59,"column":0},"end":{"line":59,"column":58}},"59":{"start":{"line":60,"column":0},"end":{"line":60,"column":29}},"60":{"start":{"line":61,"column":0},"end":{"line":61,"column":17}},"61":{"start":{"line":62,"column":0},"end":{"line":62,"column":13}},"62":{"start":{"line":63,"column":0},"end":{"line":63,"column":0}},"63":{"start":{"line":64,"column":0},"end":{"line":64,"column":83}},"64":{"start":{"line":65,"column":0},"end":{"line":65,"column":65}},"65":{"start":{"line":66,"column":0},"end":{"line":66,"column":0}},"66":{"start":{"line":67,"column":0},"end":{"line":67,"column":55}},"67":{"start":{"line":68,"column":0},"end":{"line":68,"column":48}},"68":{"start":{"line":69,"column":0},"end":{"line":69,"column":13}},"69":{"start":{"line":70,"column":0},"end":{"line":70,"column":9}},"70":{"start":{"line":71,"column":0},"end":{"line":71,"column":0}},"71":{"start":{"line":72,"column":0},"end":{"line":72,"column":33}},"72":{"start":{"line":73,"column":0},"end":{"line":73,"column":5}},"73":{"start":{"line":74,"column":0},"end":{"line":74,"column":0}},"74":{"start":{"line":75,"column":0},"end":{"line":75,"column":50}},"75":{"start":{"line":76,"column":0},"end":{"line":76,"column":72}},"76":{"start":{"line":77,"column":0},"end":{"line":77,"column":42}},"77":{"start":{"line":78,"column":0},"end":{"line":78,"column":30}},"78":{"start":{"line":79,"column":0},"end":{"line":79,"column":0}},"79":{"start":{"line":80,"column":0},"end":{"line":80,"column":53}},"80":{"start":{"line":81,"column":0},"end":{"line":81,"column":72}},"81":{"start":{"line":82,"column":0},"end":{"line":82,"column":71}},"82":{"start":{"line":83,"column":0},"end":{"line":83,"column":0}},"83":{"start":{"line":84,"column":0},"end":{"line":84,"column":86}},"84":{"start":{"line":85,"column":0},"end":{"line":85,"column":34}},"85":{"start":{"line":86,"column":0},"end":{"line":86,"column":78}},"86":{"start":{"line":87,"column":0},"end":{"line":87,"column":13}},"87":{"start":{"line":88,"column":0},"end":{"line":88,"column":0}},"88":{"start":{"line":89,"column":0},"end":{"line":89,"column":58}},"89":{"start":{"line":90,"column":0},"end":{"line":90,"column":35}},"90":{"start":{"line":91,"column":0},"end":{"line":91,"column":13}},"91":{"start":{"line":92,"column":0},"end":{"line":92,"column":9}},"92":{"start":{"line":93,"column":0},"end":{"line":93,"column":0}},"93":{"start":{"line":94,"column":0},"end":{"line":94,"column":53}},"94":{"start":{"line":95,"column":0},"end":{"line":95,"column":5}},"95":{"start":{"line":96,"column":0},"end":{"line":96,"column":0}},"96":{"start":{"line":97,"column":0},"end":{"line":97,"column":19}},"97":{"start":{"line":98,"column":0},"end":{"line":98,"column":26}},"98":{"start":{"line":99,"column":0},"end":{"line":99,"column":102}},"99":{"start":{"line":100,"column":0},"end":{"line":100,"column":100}},"100":{"start":{"line":101,"column":0},"end":{"line":101,"column":110}},"101":{"start":{"line":102,"column":0},"end":{"line":102,"column":95}},"102":{"start":{"line":103,"column":0},"end":{"line":103,"column":98}},"103":{"start":{"line":104,"column":0},"end":{"line":104,"column":10}},"104":{"start":{"line":105,"column":0},"end":{"line":105,"column":24}},"105":{"start":{"line":106,"column":0},"end":{"line":106,"column":5}},"106":{"start":{"line":107,"column":0},"end":{"line":107,"column":0}},"107":{"start":{"line":108,"column":0},"end":{"line":108,"column":18}},"108":{"start":{"line":109,"column":0},"end":{"line":109,"column":25}},"109":{"start":{"line":110,"column":0},"end":{"line":110,"column":88}},"110":{"start":{"line":111,"column":0},"end":{"line":111,"column":92}},"111":{"start":{"line":112,"column":0},"end":{"line":112,"column":90}},"112":{"start":{"line":113,"column":0},"end":{"line":113,"column":102}},"113":{"start":{"line":114,"column":0},"end":{"line":114,"column":90}},"114":{"start":{"line":115,"column":0},"end":{"line":115,"column":102}},"115":{"start":{"line":116,"column":0},"end":{"line":116,"column":10}},"116":{"start":{"line":117,"column":0},"end":{"line":117,"column":23}},"117":{"start":{"line":118,"column":0},"end":{"line":118,"column":5}},"118":{"start":{"line":119,"column":0},"end":{"line":119,"column":1}},"119":{"start":{"line":120,"column":0},"end":{"line":120,"column":0}},"120":{"start":{"line":121,"column":0},"end":{"line":121,"column":38}}},"s":{"0":1,"1":1,"2":5,"3":5,"4":5,"5":5,"6":1,"7":1,"8":4,"9":5,"10":1,"11":1,"12":3,"13":3,"14":5,"15":1,"16":1,"17":2,"18":2,"19":2,"20":4,"21":4,"22":4,"23":4,"24":2,"25":2,"26":2,"27":1,"28":1,"29":3,"30":3,"31":3,"32":3,"33":15,"34":15,"35":15,"36":12,"37":12,"38":15,"39":15,"40":10,"41":2,"42":2,"43":10,"44":2,"45":2,"46":15,"47":0,"48":0,"49":0,"50":5,"51":5,"52":3,"53":3,"54":5,"55":8,"56":15,"57":1,"58":1,"59":1,"60":1,"61":1,"62":7,"63":7,"64":7,"65":7,"66":15,"67":4,"68":4,"69":15,"70":3,"71":3,"72":3,"73":1,"74":1,"75":11,"76":11,"77":11,"78":11,"79":11,"80":9,"81":9,"82":9,"83":9,"84":9,"85":9,"86":9,"87":9,"88":9,"89":6,"90":6,"91":9,"92":11,"93":11,"94":11,"95":1,"96":1,"97":3,"98":3,"99":3,"100":3,"101":3,"102":3,"103":3,"104":3,"105":3,"106":1,"107":1,"108":16,"109":16,"110":16,"111":16,"112":16,"113":16,"114":16,"115":16,"116":16,"117":16,"118":1,"119":1,"120":1},"branchMap":{"0":{"type":"branch","line":2,"loc":{"start":{"line":2,"column":4},"end":{"line":27,"column":5}},"locations":[{"start":{"line":2,"column":4},"end":{"line":27,"column":5}}]},"1":{"type":"branch","line":6,"loc":{"start":{"line":6,"column":31},"end":{"line":8,"column":9}},"locations":[{"start":{"line":6,"column":31},"end":{"line":8,"column":9}}]},"2":{"type":"branch","line":8,"loc":{"start":{"line":8,"column":8},"end":{"line":10,"column":29}},"locations":[{"start":{"line":8,"column":8},"end":{"line":10,"column":29}}]},"3":{"type":"branch","line":10,"loc":{"start":{"line":10,"column":29},"end":{"line":12,"column":9}},"locations":[{"start":{"line":10,"column":29},"end":{"line":12,"column":9}}]},"4":{"type":"branch","line":12,"loc":{"start":{"line":12,"column":8},"end":{"line":15,"column":46}},"locations":[{"start":{"line":12,"column":8},"end":{"line":15,"column":46}}]},"5":{"type":"branch","line":15,"loc":{"start":{"line":15,"column":46},"end":{"line":17,"column":9}},"locations":[{"start":{"line":15,"column":46},"end":{"line":17,"column":9}}]},"6":{"type":"branch","line":17,"loc":{"start":{"line":17,"column":8},"end":{"line":27,"column":5}},"locations":[{"start":{"line":17,"column":8},"end":{"line":27,"column":5}}]},"7":{"type":"branch","line":4,"loc":{"start":{"line":4,"column":46},"end":{"line":4,"column":85}},"locations":[{"start":{"line":4,"column":46},"end":{"line":4,"column":85}}]},"8":{"type":"branch","line":20,"loc":{"start":{"line":20,"column":53},"end":{"line":25,"column":13}},"locations":[{"start":{"line":20,"column":53},"end":{"line":25,"column":13}}]},"9":{"type":"branch","line":29,"loc":{"start":{"line":29,"column":4},"end":{"line":73,"column":5}},"locations":[{"start":{"line":29,"column":4},"end":{"line":73,"column":5}}]},"10":{"type":"branch","line":33,"loc":{"start":{"line":33,"column":40},"end":{"line":70,"column":9}},"locations":[{"start":{"line":33,"column":40},"end":{"line":70,"column":9}}]},"11":{"type":"branch","line":36,"loc":{"start":{"line":36,"column":46},"end":{"line":38,"column":13}},"locations":[{"start":{"line":36,"column":46},"end":{"line":38,"column":13}}]},"12":{"type":"branch","line":40,"loc":{"start":{"line":40,"column":45},"end":{"line":47,"column":13}},"locations":[{"start":{"line":40,"column":45},"end":{"line":47,"column":13}}]},"13":{"type":"branch","line":41,"loc":{"start":{"line":41,"column":52},"end":{"line":41,"column":90}},"locations":[{"start":{"line":41,"column":52},"end":{"line":41,"column":90}}]},"14":{"type":"branch","line":41,"loc":{"start":{"line":41,"column":92},"end":{"line":43,"column":17}},"locations":[{"start":{"line":41,"column":92},"end":{"line":43,"column":17}}]},"15":{"type":"branch","line":43,"loc":{"start":{"line":43,"column":16},"end":{"line":44,"column":60}},"locations":[{"start":{"line":43,"column":16},"end":{"line":44,"column":60}}]},"16":{"type":"branch","line":44,"loc":{"start":{"line":44,"column":60},"end":{"line":46,"column":17}},"locations":[{"start":{"line":44,"column":60},"end":{"line":46,"column":17}}]},"17":{"type":"branch","line":47,"loc":{"start":{"line":47,"column":13},"end":{"line":55,"column":13}},"locations":[{"start":{"line":47,"column":13},"end":{"line":55,"column":13}}]},"18":{"type":"branch","line":47,"loc":{"start":{"line":47,"column":56},"end":{"line":51,"column":13}},"locations":[{"start":{"line":47,"column":56},"end":{"line":51,"column":13}}]},"19":{"type":"branch","line":52,"loc":{"start":{"line":52,"column":58},"end":{"line":54,"column":17}},"locations":[{"start":{"line":52,"column":58},"end":{"line":54,"column":17}}]},"20":{"type":"branch","line":55,"loc":{"start":{"line":55,"column":12},"end":{"line":57,"column":47}},"locations":[{"start":{"line":55,"column":12},"end":{"line":57,"column":47}}]},"21":{"type":"branch","line":57,"loc":{"start":{"line":57,"column":43},"end":{"line":57,"column":85}},"locations":[{"start":{"line":57,"column":43},"end":{"line":57,"column":85}}]},"22":{"type":"branch","line":57,"loc":{"start":{"line":57,"column":87},"end":{"line":62,"column":13}},"locations":[{"start":{"line":57,"column":87},"end":{"line":62,"column":13}}]},"23":{"type":"branch","line":62,"loc":{"start":{"line":62,"column":12},"end":{"line":67,"column":54}},"locations":[{"start":{"line":62,"column":12},"end":{"line":67,"column":54}}]},"24":{"type":"branch","line":67,"loc":{"start":{"line":67,"column":54},"end":{"line":69,"column":13}},"locations":[{"start":{"line":67,"column":54},"end":{"line":69,"column":13}}]},"25":{"type":"branch","line":75,"loc":{"start":{"line":75,"column":4},"end":{"line":95,"column":5}},"locations":[{"start":{"line":75,"column":4},"end":{"line":95,"column":5}}]},"26":{"type":"branch","line":80,"loc":{"start":{"line":80,"column":52},"end":{"line":92,"column":9}},"locations":[{"start":{"line":80,"column":52},"end":{"line":92,"column":9}}]},"27":{"type":"branch","line":89,"loc":{"start":{"line":89,"column":57},"end":{"line":91,"column":13}},"locations":[{"start":{"line":89,"column":57},"end":{"line":91,"column":13}}]},"28":{"type":"branch","line":84,"loc":{"start":{"line":84,"column":49},"end":{"line":84,"column":84}},"locations":[{"start":{"line":84,"column":49},"end":{"line":84,"column":84}}]},"29":{"type":"branch","line":97,"loc":{"start":{"line":97,"column":4},"end":{"line":106,"column":5}},"locations":[{"start":{"line":97,"column":4},"end":{"line":106,"column":5}}]},"30":{"type":"branch","line":108,"loc":{"start":{"line":108,"column":4},"end":{"line":118,"column":5}},"locations":[{"start":{"line":108,"column":4},"end":{"line":118,"column":5}}]}},"b":{"0":[5],"1":[1],"2":[4],"3":[1],"4":[3],"5":[1],"6":[2],"7":[21],"8":[4],"9":[3],"10":[15],"11":[12],"12":[10],"13":[4],"14":[2],"15":[8],"16":[2],"17":[5],"18":[0],"19":[3],"20":[8],"21":[2],"22":[1],"23":[7],"24":[4],"25":[11],"26":[9],"27":[6],"28":[30],"29":[3],"30":[16]},"fnMap":{"0":{"name":"analisaRecintos","decl":{"start":{"line":2,"column":4},"end":{"line":27,"column":5}},"loc":{"start":{"line":2,"column":4},"end":{"line":27,"column":5}},"line":2},"1":{"name":"podemAcomodar","decl":{"start":{"line":29,"column":4},"end":{"line":73,"column":5}},"loc":{"start":{"line":29,"column":4},"end":{"line":73,"column":5}},"line":29},"2":{"name":"calculaEspacoDisponivel","decl":{"start":{"line":75,"column":4},"end":{"line":95,"column":5}},"loc":{"start":{"line":75,"column":4},"end":{"line":95,"column":5}},"line":75},"3":{"name":"getRecintos","decl":{"start":{"line":97,"column":4},"end":{"line":106,"column":5}},"loc":{"start":{"line":97,"column":4},"end":{"line":106,"column":5}},"line":97},"4":{"name":"getAnimais","decl":{"start":{"line":108,"column":4},"end":{"line":118,"column":5}},"loc":{"start":{"line":108,"column":4},"end":{"line":118,"column":5}},"line":108}},"f":{"0":5,"1":3,"2":11,"3":3,"4":16}}
}
