TN:
SF:src/recintos-zoo.js
FN:2,analisaRecintos
FN:29,podemAcomodar
FN:75,calculaEspacoDisponivel
FN:97,getRecintos
FN:108,getAnimais
FNF:5
FNH:5
FNDA:5,analisaRecintos
FNDA:3,podemAcomodar
FNDA:11,calculaEspacoDisponivel
FNDA:3,getRecintos
FNDA:16,getAnimais
DA:1,1
DA:2,1
DA:3,5
DA:4,5
DA:5,5
DA:6,5
DA:7,1
DA:8,1
DA:9,4
DA:10,5
DA:11,1
DA:12,1
DA:13,3
DA:14,3
DA:15,5
DA:16,1
DA:17,1
DA:18,2
DA:19,2
DA:20,2
DA:21,4
DA:22,4
DA:23,4
DA:24,4
DA:25,2
DA:26,2
DA:27,2
DA:28,1
DA:29,1
DA:30,3
DA:31,3
DA:32,3
DA:33,3
DA:34,15
DA:35,15
DA:36,15
DA:37,12
DA:38,12
DA:39,15
DA:40,15
DA:41,10
DA:42,2
DA:43,2
DA:44,10
DA:45,2
DA:46,2
DA:47,15
DA:48,0
DA:49,0
DA:50,0
DA:51,5
DA:52,5
DA:53,3
DA:54,3
DA:55,5
DA:56,8
DA:57,15
DA:58,1
DA:59,1
DA:60,1
DA:61,1
DA:62,1
DA:63,7
DA:64,7
DA:65,7
DA:66,7
DA:67,15
DA:68,4
DA:69,4
DA:70,15
DA:71,3
DA:72,3
DA:73,3
DA:74,1
DA:75,1
DA:76,11
DA:77,11
DA:78,11
DA:79,11
DA:80,11
DA:81,9
DA:82,9
DA:83,9
DA:84,9
DA:85,9
DA:86,9
DA:87,9
DA:88,9
DA:89,9
DA:90,6
DA:91,6
DA:92,9
DA:93,11
DA:94,11
DA:95,11
DA:96,1
DA:97,1
DA:98,3
DA:99,3
DA:100,3
DA:101,3
DA:102,3
DA:103,3
DA:104,3
DA:105,3
DA:106,3
DA:107,1
DA:108,1
DA:109,16
DA:110,16
DA:111,16
DA:112,16
DA:113,16
DA:114,16
DA:115,16
DA:116,16
DA:117,16
DA:118,16
DA:119,1
DA:120,1
DA:121,1
LF:121
LH:118
BRDA:2,0,0,5
BRDA:6,1,0,1
BRDA:8,2,0,4
BRDA:10,3,0,1
BRDA:12,4,0,3
BRDA:15,5,0,1
BRDA:17,6,0,2
BRDA:4,7,0,21
BRDA:20,8,0,4
BRDA:29,9,0,3
BRDA:33,10,0,15
BRDA:36,11,0,12
BRDA:40,12,0,10
BRDA:41,13,0,4
BRDA:41,14,0,2
BRDA:43,15,0,8
BRDA:44,16,0,2
BRDA:47,17,0,5
BRDA:47,18,0,0
BRDA:52,19,0,3
BRDA:55,20,0,8
BRDA:57,21,0,2
BRDA:57,22,0,1
BRDA:62,23,0,7
BRDA:67,24,0,4
BRDA:75,25,0,11
BRDA:80,26,0,9
BRDA:89,27,0,6
BRDA:84,28,0,30
BRDA:97,29,0,3
BRDA:108,30,0,16
BRF:31
BRH:30
end_of_record
